[debug] [2022-01-12T00:25:22.495Z] ----------------------------------------------------------------------
[debug] [2022-01-12T00:25:22.498Z] Command:       C:\Program Files\nodejs\node.exe C:\Users\celso\AppData\Roaming\npm\node_modules\firebase-tools\lib\bin\firebase.js init
[debug] [2022-01-12T00:25:22.498Z] CLI Version:   10.0.1
[debug] [2022-01-12T00:25:22.498Z] Platform:      win32
[debug] [2022-01-12T00:25:22.499Z] Node Version:  v17.2.0
[debug] [2022-01-12T00:25:22.500Z] Time:          Tue Jan 11 2022 21:25:22 GMT-0300 (Horário Padrão de Brasília)
[debug] [2022-01-12T00:25:22.500Z] ----------------------------------------------------------------------
[debug] 
[debug] [2022-01-12T00:25:22.509Z] > command requires scopes: ["email","openid","https://www.googleapis.com/auth/cloudplatformprojects.readonly","https://www.googleapis.com/auth/firebase","https://www.googleapis.com/auth/cloud-platform"]
[debug] [2022-01-12T00:25:22.510Z] > authorizing via signed-in user (cjunior.sfs@gmail.com)
[info] 
     ######## #### ########  ######## ########     ###     ######  ########
     ##        ##  ##     ## ##       ##     ##  ##   ##  ##       ##
     ######    ##  ########  ######   ########  #########  ######  ######
     ##        ##  ##    ##  ##       ##     ## ##     ##       ## ##
     ##       #### ##     ## ######## ########  ##     ##  ######  ########

You're about to initialize a Firebase project in this directory:

  C:\verde-0301\hburger

Before we get started, keep in mind:

  * You are currently outside your home directory

[info] 
=== Project Setup
[info] 
[info] First, let's associate this project directory with a Firebase project.
[info] You can create multiple project aliases by running firebase use --add, 
[info] but for now we'll just set up a default project.
[info] 
[debug] [2022-01-12T00:26:26.751Z] >>> [apiv2][query] GET https://firebase.googleapis.com/v1beta1/projects pageSize=100
[debug] [2022-01-12T00:26:28.054Z] <<< [apiv2][status] GET https://firebase.googleapis.com/v1beta1/projects 200
[debug] [2022-01-12T00:26:28.054Z] <<< [apiv2][body] GET https://firebase.googleapis.com/v1beta1/projects [omitted]
[info] i  Using project hburger-b4486 (hburger) 
[info] 
=== Firestore Setup
[debug] [2022-01-12T00:26:30.472Z] >>> [apiv2][query] GET https://serviceusage.googleapis.com/v1/projects/hburger-b4486/services/firestore.googleapis.com [none]
[debug] [2022-01-12T00:26:31.560Z] <<< [apiv2][status] GET https://serviceusage.googleapis.com/v1/projects/hburger-b4486/services/firestore.googleapis.com 200
[debug] [2022-01-12T00:26:31.561Z] <<< [apiv2][body] GET https://serviceusage.googleapis.com/v1/projects/hburger-b4486/services/firestore.googleapis.com {"name":"projects/435916994852/services/firestore.googleapis.com","config":{"name":"firestore.googleapis.com","title":"Cloud Firestore API","apis":[{"name":"google.cloud.location.Locations","methods":[{"name":"ListLocations"},{"name":"GetLocation"}],"version":"v1"},{"name":"google.longrunning.Operations","methods":[{"name":"ListOperations"},{"name":"GetOperation"},{"name":"DeleteOperation"},{"name":"CancelOperation"},{"name":"WaitOperation"}],"version":"v1"},{"name":"google.firestore.admin.v1.FirestoreAdmin","methods":[{"name":"CreateIndex"},{"name":"ListIndexes"},{"name":"GetIndex"},{"name":"DeleteIndex"},{"name":"GetField"},{"name":"UpdateField"},{"name":"ListFields"},{"name":"ExportDocuments"},{"name":"ImportDocuments"},{"name":"ListBuckets"},{"name":"ListSnapshotSchedules"},{"name":"GetSnapshotSchedule"},{"name":"CreateSnapshotSchedule"},{"name":"DeleteSnapshotSchedule"},{"name":"UpdateSnapshotSchedule"},{"name":"ListSnapshots"},{"name":"GetSnapshot"},{"name":"DeleteSnapshot"},{"name":"CreateDatabase"},{"name":"GetDatabase"},{"name":"ListDatabases"},{"name":"UpdateDatabase"},{"name":"DeleteDatabase"},{"name":"UndeleteDatabase"},{"name":"GetBackup"},{"name":"ListBackups"},{"name":"DeleteBackup"},{"name":"RestoreDatabase"},{"name":"CreateBackupSchedule"},{"name":"GetBackupSchedule"},{"name":"ListBackupSchedules"},{"name":"DeleteBackupSchedule"}],"version":"v1"},{"name":"google.firestore.admin.v1beta1.FirestoreAdmin","methods":[{"name":"CreateIndex"},{"name":"ListIndexes"},{"name":"GetIndex"},{"name":"DeleteIndex"},{"name":"ListNamespaces"},{"name":"GetNamespace"},{"name":"ListCollectionGroups"},{"name":"GetCollectionGroup"},{"name":"ListFields"},{"name":"GetField"},{"name":"ExportDocuments"},{"name":"ImportDocuments"}],"version":"v1beta1"},{"name":"google.firestore.admin.v1beta2.FirestoreAdmin","methods":[{"name":"CreateIndex"},{"name":"ListIndexes"},{"name":"GetIndex"},{"name":"DeleteIndex"},{"name":"GetField"},{"name":"UpdateField"},{"name":"ListFields"},{"name":"ExportDocuments"},{"name":"ImportDocuments"}],"version":"v1beta2"},{"name":"google.firestore.v1.Firestore","methods":[{"name":"GetOrListDocuments"},{"name":"GetDocument"},{"name":"ListDocuments"},{"name":"UpdateDocument"},{"name":"DeleteDocument"},{"name":"BatchGetDocuments"},{"name":"BeginTransaction"},{"name":"Commit"},{"name":"Rollback"},{"name":"RunQuery"},{"name":"PartitionQuery"},{"name":"Write"},{"name":"Listen"},{"name":"ListCollectionIds"},{"name":"BatchWrite"},{"name":"CreateDocument"}],"version":"v1"},{"name":"google.firestore.v1beta1.Firestore","methods":[{"name":"GetOrListDocuments"},{"name":"GetDocument"},{"name":"ListDocuments"},{"name":"UpdateDocument"},{"name":"DeleteDocument"},{"name":"BatchGetDocuments"},{"name":"BeginTransaction"},{"name":"Commit"},{"name":"Rollback"},{"name":"RunQuery"},{"name":"PartitionQuery"},{"name":"Write"},{"name":"Listen"},{"name":"ListCollectionIds"},{"name":"BatchWrite"},{"name":"CreateDocument"}],"version":"v1beta1"},{"name":"google.discovery.Discovery","methods":[{"name":"GetDiscovery"},{"name":"GetDiscoveryRest"}],"version":"v1"}],"documentation":{"summary":"Accesses the NoSQL document database built for automatic scaling, high performance, and ease of application development.\n"},"quota":{"limits":[{"name":"LocationsRequestsPerMinutePerProject","metric":"firestore.googleapis.com/locations_requests","unit":"1/min/{project}","values":{"DEFAULT":"60"},"displayName":"Locations Requests Per Minute"},{"name":"ExportsPerMinutePerProject","metric":"firestore.googleapis.com/export_requests","unit":"1/min/{project}","values":{"DEFAULT":"20"},"displayName":"Export Requests Per Minute"},{"name":"ImportsPerMinutePerProject","metric":"firestore.googleapis.com/import_requests","unit":"1/min/{project}","values":{"DEFAULT":"20"},"displayName":"Import Requests Per Minute"},{"name":"DatabaseOperationsPerMinutePerProject","metric":"firestore.googleapis.com/database_operation_requests","unit":"1/min/{project}","values":{"DEFAULT":"60"},"displayName":"Database Operations Per Minute"},{"maxLimit":"17000","name":"CLIENT_PROJECT-100s","metric":"DiscoveryGroup","unit":"1/100s/{project}","values":{"STANDARD":"17000"}}]},"authentication":{"rules":[{"oauth":{"canonicalScopes":"https://www.googleapis.com/auth/datastore, https://www.googleapis.com/auth/cloud-platform"}},{"oauth":{"canonicalScopes":"https://www.googleapis.com/auth/datastore, https://www.googleapis.com/auth/cloud-platform"}},{"oauth":{"canonicalScopes":"https://www.googleapis.com/auth/datastore, https://www.googleapis.com/auth/cloud-platform"}},{"oauth":{"canonicalScopes":"https://www.googleapis.com/auth/datastore, https://www.googleapis.com/auth/cloud-platform"}},{"oauth":{"canonicalScopes":"https://www.googleapis.com/auth/datastore, https://www.googleapis.com/auth/cloud-platform"}},{"oauth":{"canonicalScopes":"https://www.googleapis.com/auth/datastore, https://www.googleapis.com/auth/cloud-platform"}},{"oauth":{"canonicalScopes":"https://www.googleapis.com/auth/datastore, https://www.googleapis.com/auth/cloud-platform"}},{"oauth":{"canonicalScopes":"https://www.googleapis.com/auth/datastore, https://www.googleapis.com/auth/cloud-platform"}},{"oauth":{"canonicalScopes":"https://www.googleapis.com/auth/datastore, https://www.googleapis.com/auth/cloud-platform"}},{"oauth":{"canonicalScopes":"https://www.googleapis.com/auth/datastore, https://www.googleapis.com/auth/cloud-platform"}},{"oauth":{"canonicalScopes":"https://www.googleapis.com/auth/datastore, https://www.googleapis.com/auth/cloud-platform"}},{"oauth":{"canonicalScopes":"https://www.googleapis.com/auth/datastore, https://www.googleapis.com/auth/cloud-platform"}},{"oauth":{"canonicalScopes":"https://www.googleapis.com/auth/datastore, https://www.googleapis.com/auth/cloud-platform"}},{"oauth":{"canonicalScopes":"https://www.googleapis.com/auth/datastore, https://www.googleapis.com/auth/cloud-platform"}},{"oauth":{"canonicalScopes":"https://www.googleapis.com/auth/datastore, https://www.googleapis.com/auth/cloud-platform"}},{"oauth":{"canonicalScopes":"https://www.googleapis.com/auth/datastore, https://www.googleapis.com/auth/cloud-platform"}},{"oauth":{"canonicalScopes":"https://www.googleapis.com/auth/datastore, https://www.googleapis.com/auth/cloud-platform"}},{"oauth":{"canonicalScopes":"https://www.googleapis.com/auth/datastore, https://www.googleapis.com/auth/cloud-platform"}},{"oauth":{"canonicalScopes":"https://www.googleapis.com/auth/datastore, https://www.googleapis.com/auth/cloud-platform"}},{"oauth":{"canonicalScopes":"https://www.googleapis.com/auth/datastore, https://www.googleapis.com/auth/cloud-platform"}},{"oauth":{"canonicalScopes":"https://www.googleapis.com/auth/datastore, https://www.googleapis.com/auth/cloud-platform"}},{"oauth":{"canonicalScopes":"https://www.googleapis.com/auth/datastore, https://www.googleapis.com/auth/cloud-platform"}},{"oauth":{"canonicalScopes":"https://www.googleapis.com/auth/datastore, https://www.googleapis.com/auth/cloud-platform"}},{"oauth":{"canonicalScopes":"https://www.googleapis.com/auth/datastore, https://www.googleapis.com/auth/cloud-platform"}},{"oauth":{"canonicalScopes":"https://www.googleapis.com/auth/datastore, https://www.googleapis.com/auth/cloud-platform"}},{"oauth":{"canonicalScopes":"https://www.googleapis.com/auth/datastore, https://www.googleapis.com/auth/cloud-platform"}},{"oauth":{"canonicalScopes":"https://www.googleapis.com/auth/datastore, https://www.googleapis.com/auth/cloud-platform"}},{"oauth":{"canonicalScopes":"https://www.googleapis.com/auth/datastore, https://www.googleapis.com/auth/cloud-platform"}},{"oauth":{"canonicalScopes":"https://www.googleapis.com/auth/datastore, https://www.googleapis.com/auth/cloud-platform"}},{"oauth":{"canonicalScopes":"https://www.googleapis.com/auth/datastore, https://www.googleapis.com/auth/cloud-platform"}},{"oauth":{"canonicalScopes":"https://www.googleapis.com/auth/datastore, https://www.googleapis.com/auth/cloud-platform"}},{"oauth":{"canonicalScopes":"https://www.googleapis.com/auth/datastore, https://www.googleapis.com/auth/cloud-platform"}},{"oauth":{"canonicalScopes":"https://www.googleapis.com/auth/datastore, https://www.googleapis.com/auth/cloud-platform"}},{"oauth":{"canonicalScopes":"https://www.googleapis.com/auth/datastore, https://www.googleapis.com/auth/cloud-platform"}},{"oauth":{"canonicalScopes":"https://www.googleapis.com/auth/datastore, https://www.googleapis.com/auth/cloud-platform"}},{"oauth":{"canonicalScopes":"https://www.googleapis.com/auth/datastore, https://www.googleapis.com/auth/cloud-platform"}},{"oauth":{"canonicalScopes":"https://www.googleapis.com/auth/datastore, https://www.googleapis.com/auth/cloud-platform"}},{"oauth":{"canonicalScopes":"https://www.googleapis.com/auth/datastore, https://www.googleapis.com/auth/cloud-platform"}},{"oauth":{"canonicalScopes":"https://www.googleapis.com/auth/datastore, https://www.googleapis.com/auth/cloud-platform"}},{"oauth":{"canonicalScopes":"https://www.googleapis.com/auth/datastore, https://www.googleapis.com/auth/cloud-platform"}},{"oauth":{"canonicalScopes":"https://www.googleapis.com/auth/datastore, https://www.googleapis.com/auth/cloud-platform"}},{"oauth":{"canonicalScopes":"https://www.googleapis.com/auth/datastore, https://www.googleapis.com/auth/cloud-platform"}},{"oauth":{"canonicalScopes":"https://www.googleapis.com/auth/datastore, https://www.googleapis.com/auth/cloud-platform"}},{"oauth":{"canonicalScopes":"https://www.googleapis.com/auth/datastore, https://www.googleapis.com/auth/cloud-platform"}},{"oauth":{"canonicalScopes":"https://www.googleapis.com/auth/datastore, https://www.googleapis.com/auth/cloud-platform"}},{"oauth":{"canonicalScopes":"https://www.googleapis.com/auth/datastore, https://www.googleapis.com/auth/cloud-platform"}},{"oauth":{"canonicalScopes":"https://www.googleapis.com/auth/datastore, https://www.googleapis.com/auth/cloud-platform"}},{"oauth":{"canonicalScopes":"https://www.googleapis.com/auth/datastore, https://www.googleapis.com/auth/cloud-platform"}},{"oauth":{"canonicalScopes":"https://www.googleapis.com/auth/datastore, https://www.googleapis.com/auth/cloud-platform"}},{"oauth":{"canonicalScopes":"https://www.googleapis.com/auth/datastore, https://www.googleapis.com/auth/cloud-platform"}},{"oauth":{"canonicalScopes":"https://www.googleapis.com/auth/datastore, https://www.googleapis.com/auth/cloud-platform"}},{"oauth":{"canonicalScopes":"https://www.googleapis.com/auth/datastore, https://www.googleapis.com/auth/cloud-platform"}},{"oauth":{"canonicalScopes":"https://www.googleapis.com/auth/datastore, https://www.googleapis.com/auth/cloud-platform"}},{"oauth":{"canonicalScopes":"https://www.googleapis.com/auth/datastore, https://www.googleapis.com/auth/cloud-platform"}},{"oauth":{"canonicalScopes":"https://www.googleapis.com/auth/datastore, https://www.googleapis.com/auth/cloud-platform"}},{"oauth":{"canonicalScopes":"https://www.googleapis.com/auth/datastore, https://www.googleapis.com/auth/cloud-platform"}},{"oauth":{"canonicalScopes":"https://www.googleapis.com/auth/datastore, https://www.googleapis.com/auth/cloud-platform"}},{"oauth":{"canonicalScopes":"https://www.googleapis.com/auth/datastore, https://www.googleapis.com/auth/cloud-platform"}},{"oauth":{"canonicalScopes":"https://www.googleapis.com/auth/datastore, https://www.googleapis.com/auth/cloud-platform"}},{"oauth":{"canonicalScopes":"https://www.googleapis.com/auth/datastore, https://www.googleapis.com/auth/cloud-platform"}},{"oauth":{"canonicalScopes":"https://www.googleapis.com/auth/datastore, https://www.googleapis.com/auth/cloud-platform"}},{"oauth":{"canonicalScopes":"https://www.googleapis.com/auth/datastore, https://www.googleapis.com/auth/cloud-platform"}},{"oauth":{"canonicalScopes":"https://www.googleapis.com/auth/datastore, https://www.googleapis.com/auth/cloud-platform"}},{"oauth":{"canonicalScopes":"https://www.googleapis.com/auth/datastore, https://www.googleapis.com/auth/cloud-platform"}},{"oauth":{"canonicalScopes":"https://www.googleapis.com/auth/datastore, https://www.googleapis.com/auth/cloud-platform"}},{"oauth":{"canonicalScopes":"https://www.googleapis.com/auth/datastore, https://www.googleapis.com/auth/cloud-platform"}},{"oauth":{"canonicalScopes":"https://www.googleapis.com/auth/datastore, https://www.googleapis.com/auth/cloud-platform"}},{"oauth":{"canonicalScopes":"https://www.googleapis.com/auth/datastore, https://www.googleapis.com/auth/cloud-platform"}},{"oauth":{"canonicalScopes":"https://www.googleapis.com/auth/datastore, https://www.googleapis.com/auth/cloud-platform"}},{"oauth":{"canonicalScopes":"https://www.googleapis.com/auth/datastore, https://www.googleapis.com/auth/cloud-platform"}},{"oauth":{"canonicalScopes":"https://www.googleapis.com/auth/datastore, https://www.googleapis.com/auth/cloud-platform"}},{"oauth":{"canonicalScopes":"https://www.googleapis.com/auth/datastore, https://www.googleapis.com/auth/cloud-platform"}},{"oauth":{"canonicalScopes":"https://www.googleapis.com/auth/datastore, https://www.googleapis.com/auth/cloud-platform"}},{"oauth":{"canonicalScopes":"https://www.googleapis.com/auth/datastore, https://www.googleapis.com/auth/cloud-platform"}},{"oauth":{"canonicalScopes":"https://www.googleapis.com/auth/datastore, https://www.googleapis.com/auth/cloud-platform"}},{"oauth":{"canonicalScopes":"https://www.googleapis.com/auth/datastore, https://www.googleapis.com/auth/cloud-platform"}},{"oauth":{"canonicalScopes":"https://www.googleapis.com/auth/datastore, https://www.googleapis.com/auth/cloud-platform"}},{"oauth":{"canonicalScopes":"https://www.googleapis.com/auth/datastore, https://www.googleapis.com/auth/cloud-platform"}},{"oauth":{"canonicalScopes":"https://www.googleapis.com/auth/datastore, https://www.googleapis.com/auth/cloud-platform"}},{"oauth":{"canonicalScopes":"https://www.googleapis.com/auth/datastore, https://www.googleapis.com/auth/cloud-platform"}},{"oauth":{"canonicalScopes":"https://www.googleapis.com/auth/datastore, https://www.googleapis.com/auth/cloud-platform"}},{"oauth":{"canonicalScopes":"https://www.googleapis.com/auth/datastore, https://www.googleapis.com/auth/cloud-platform"}},{"oauth":{"canonicalScopes":"https://www.googleapis.com/auth/datastore, https://www.googleapis.com/auth/cloud-platform"}},{"oauth":{"canonicalScopes":"https://www.googleapis.com/auth/datastore, https://www.googleapis.com/auth/cloud-platform"}},{"oauth":{"canonicalScopes":"https://www.googleapis.com/auth/datastore, https://www.googleapis.com/auth/cloud-platform"}},{"oauth":{"canonicalScopes":"https://www.googleapis.com/auth/datastore, https://www.googleapis.com/auth/cloud-platform"}},{"oauth":{"canonicalScopes":"https://www.googleapis.com/auth/datastore, https://www.googleapis.com/auth/cloud-platform"}},{"oauth":{"canonicalScopes":"https://www.googleapis.com/auth/datastore, https://www.googleapis.com/auth/cloud-platform"}},{"oauth":{"canonicalScopes":"https://www.googleapis.com/auth/datastore, https://www.googleapis.com/auth/cloud-platform"}},{"oauth":{"canonicalScopes":"https://www.googleapis.com/auth/datastore, https://www.googleapis.com/auth/cloud-platform"}},{"oauth":{"canonicalScopes":"https://www.googleapis.com/auth/datastore, https://www.googleapis.com/auth/cloud-platform"}},{"oauth":{"canonicalScopes":"https://www.googleapis.com/auth/datastore, https://www.googleapis.com/auth/cloud-platform"}}]},"usage":{"requirements":["serviceusage.googleapis.com/tos/cloud"]},"endpoints":[{"name":"firestore.googleapis.com"},{"name":"firestore.clients6.google.com"},{"name":"content-firestore.googleapis.com"},{"name":"firestore.mtls.googleapis.com"},{"name":"firestore.mtls.clients6.google.com"},{"name":"content-firestore.mtls.googleapis.com"}],"monitoredResources":[{"type":"serviceruntime.googleapis.com/api","labels":[{"key":"cloud.googleapis.com/location"},{"key":"cloud.googleapis.com/uid"},{"key":"serviceruntime.googleapis.com/api_version"},{"key":"serviceruntime.googleapis.com/api_method"},{"key":"serviceruntime.googleapis.com/consumer_project"},{"key":"cloud.googleapis.com/project"},{"key":"cloud.googleapis.com/service"}]},{"type":"serviceruntime.googleapis.com/consumer_quota","labels":[{"key":"cloud.googleapis.com/location"},{"key":"cloud.googleapis.com/uid"},{"key":"cloud.googleapis.com/service"},{"key":"cloud.googleapis.com/resource_id"},{"key":"cloud.googleapis.com/resource_node"},{"key":"cloud.googleapis.com/quota_metric"},{"key":"cloud.googleapis.com/quota_location"}]},{"type":"serviceruntime.googleapis.com/producer_quota","labels":[{"key":"cloud.googleapis.com/location"},{"key":"cloud.googleapis.com/uid"},{"key":"cloud.googleapis.com/service"},{"key":"cloud.googleapis.com/resource_id"},{"key":"cloud.googleapis.com/resource_node"},{"key":"cloud.googleapis.com/consumer_resource_node"},{"key":"cloud.googleapis.com/quota_metric"},{"key":"cloud.googleapis.com/quota_location"}]}],"monitoring":{"consumerDestinations":[{"monitoredResource":"serviceruntime.googleapis.com/api","metrics":["serviceruntime.googleapis.com/api/consumer/quota_used_count","serviceruntime.googleapis.com/api/consumer/quota_refund_count","serviceruntime.googleapis.com/quota/used","serviceruntime.googleapis.com/quota/limit","serviceruntime.googleapis.com/quota/exceeded","serviceruntime.googleapis.com/allocation/consumer/quota_used_count"]},{"monitoredResource":"serviceruntime.googleapis.com/consumer_quota","metrics":["serviceruntime.googleapis.com/quota/rate/consumer/used_count","serviceruntime.googleapis.com/quota/rate/consumer/refund_count","serviceruntime.googleapis.com/quota/allocation/consumer/usage","serviceruntime.googleapis.com/quota/consumer/limit","serviceruntime.googleapis.com/quota/consumer/exceeded"]}]}},"state":"ENABLED","parent":"projects/435916994852"}
[debug] [2022-01-12T00:26:31.562Z] > refreshing access token with scopes: ["email","https://www.googleapis.com/auth/cloud-platform","https://www.googleapis.com/auth/cloudplatformprojects.readonly","https://www.googleapis.com/auth/firebase","openid"]
[debug] [2022-01-12T00:26:31.562Z] >>> HTTP REQUEST POST https://www.googleapis.com/oauth2/v3/token  
 <request body omitted>
[debug] [2022-01-12T00:26:31.831Z] <<< HTTP RESPONSE 200 {"cache-control":"no-cache, no-store, max-age=0, must-revalidate","expires":"Mon, 01 Jan 1990 00:00:00 GMT","date":"Wed, 12 Jan 2022 00:24:20 GMT","pragma":"no-cache","content-type":"application/json; charset=utf-8","vary":"X-Origin, Referer, Origin,Accept-Encoding","server":"scaffolding on HTTPServer2","x-xss-protection":"0","x-frame-options":"SAMEORIGIN","x-content-type-options":"nosniff","alt-svc":"h3=\":443\"; ma=2592000,h3-29=\":443\"; ma=2592000,h3-Q050=\":443\"; ma=2592000,h3-Q046=\":443\"; ma=2592000,h3-Q043=\":443\"; ma=2592000,quic=\":443\"; ma=2592000; v=\"46,43\"","accept-ranges":"none","transfer-encoding":"chunked"}
[debug] [2022-01-12T00:26:31.854Z] >>> HTTP REQUEST GET https://appengine.googleapis.com/v1/apps/hburger-b4486  
 
[debug] [2022-01-12T00:26:32.650Z] <<< HTTP RESPONSE 200 {"content-type":"application/json; charset=UTF-8","vary":"X-Origin, Referer, Origin,Accept-Encoding","date":"Wed, 12 Jan 2022 00:24:21 GMT","server":"ESF","cache-control":"private","x-xss-protection":"0","x-frame-options":"SAMEORIGIN","x-content-type-options":"nosniff","alt-svc":"h3=\":443\"; ma=2592000,h3-29=\":443\"; ma=2592000,h3-Q050=\":443\"; ma=2592000,h3-Q046=\":443\"; ma=2592000,h3-Q043=\":443\"; ma=2592000,quic=\":443\"; ma=2592000; v=\"46,43\"","accept-ranges":"none","transfer-encoding":"chunked"}
[debug] [2022-01-12T00:26:32.652Z] database_type: CLOUD_FIRESTORE
[debug] [2022-01-12T00:26:32.654Z] > command requires scopes: ["email","openid","https://www.googleapis.com/auth/cloudplatformprojects.readonly","https://www.googleapis.com/auth/firebase","https://www.googleapis.com/auth/cloud-platform"]
[debug] [2022-01-12T00:26:32.655Z] > authorizing via signed-in user (cjunior.sfs@gmail.com)
[debug] [2022-01-12T00:26:32.655Z] [iam] checking project hburger-b4486 for permissions ["firebase.projects.get"]
[debug] [2022-01-12T00:26:32.657Z] >>> HTTP REQUEST POST https://cloudresourcemanager.googleapis.com/v1/projects/hburger-b4486:testIamPermissions  
 {"permissions":["firebase.projects.get"]}
[debug] [2022-01-12T00:26:33.620Z] <<< HTTP RESPONSE 200 {"content-type":"application/json; charset=UTF-8","vary":"X-Origin, Referer, Origin,Accept-Encoding","date":"Wed, 12 Jan 2022 00:24:22 GMT","server":"ESF","cache-control":"private","x-xss-protection":"0","x-frame-options":"SAMEORIGIN","x-content-type-options":"nosniff","server-timing":"gfet4t7; dur=718","alt-svc":"h3=\":443\"; ma=2592000,h3-29=\":443\"; ma=2592000,h3-Q050=\":443\"; ma=2592000,h3-Q046=\":443\"; ma=2592000,h3-Q043=\":443\"; ma=2592000,quic=\":443\"; ma=2592000; v=\"46,43\"","accept-ranges":"none","transfer-encoding":"chunked"}
[info] 
[info] Firestore Security Rules allow you to define how and when to allow
[info] requests. You can keep these rules in your project directory
[info] and publish them with firebase deploy.
[info] 
[debug] [2022-01-12T00:29:53.346Z] >>> HTTP REQUEST GET https://firebaserules.googleapis.com/v1/projects/hburger-b4486/releases?pageSize=10&pageToken=  
 
[debug] [2022-01-12T00:29:54.337Z] <<< HTTP RESPONSE 200 {"content-type":"application/json; charset=UTF-8","vary":"X-Origin, Referer, Origin,Accept-Encoding","date":"Wed, 12 Jan 2022 00:27:42 GMT","server":"ESF","cache-control":"private","x-xss-protection":"0","x-frame-options":"SAMEORIGIN","x-content-type-options":"nosniff","alt-svc":"h3=\":443\"; ma=2592000,h3-29=\":443\"; ma=2592000,h3-Q050=\":443\"; ma=2592000,h3-Q046=\":443\"; ma=2592000,h3-Q043=\":443\"; ma=2592000,quic=\":443\"; ma=2592000; v=\"46,43\"","accept-ranges":"none","transfer-encoding":"chunked"}
[debug] [2022-01-12T00:29:54.338Z] Found ruleset: projects/hburger-b4486/rulesets/0f076576-38b9-4158-b31b-9e2f7b8efdb7
[debug] [2022-01-12T00:29:54.338Z] >>> HTTP REQUEST GET https://firebaserules.googleapis.com/v1/projects/hburger-b4486/rulesets/0f076576-38b9-4158-b31b-9e2f7b8efdb7  
 
[debug] [2022-01-12T00:29:55.237Z] <<< HTTP RESPONSE 200 {"content-type":"application/json; charset=UTF-8","vary":"X-Origin, Referer, Origin,Accept-Encoding","date":"Wed, 12 Jan 2022 00:27:43 GMT","server":"ESF","cache-control":"private","x-xss-protection":"0","x-frame-options":"SAMEORIGIN","x-content-type-options":"nosniff","alt-svc":"h3=\":443\"; ma=2592000,h3-29=\":443\"; ma=2592000,h3-Q050=\":443\"; ma=2592000,h3-Q046=\":443\"; ma=2592000,h3-Q043=\":443\"; ma=2592000,quic=\":443\"; ma=2592000; v=\"46,43\"","accept-ranges":"none","transfer-encoding":"chunked"}
[info] 
[info] Firestore indexes allow you to perform complex queries while
[info] maintaining performance that scales with the size of the result
[info] set. You can keep index definitions in your project directory
[info] and publish them with firebase deploy.
[info] 
[debug] [2022-01-12T00:30:45.016Z] >>> HTTP REQUEST GET https://firestore.googleapis.com/v1/projects/hburger-b4486/databases/(default)/collectionGroups/-/indexes  
 
[debug] [2022-01-12T00:30:45.016Z] >>> HTTP REQUEST GET https://firestore.googleapis.com/v1/projects/hburger-b4486/databases/(default)/collectionGroups/-/fields?filter=indexConfig.usesAncestorConfig=false  
 
[debug] [2022-01-12T00:30:45.896Z] <<< HTTP RESPONSE 200 {"content-type":"application/json; charset=UTF-8","vary":"X-Origin, Referer, Origin,Accept-Encoding","date":"Wed, 12 Jan 2022 00:28:34 GMT","server":"ESF","cache-control":"private","x-xss-protection":"0","x-frame-options":"SAMEORIGIN","x-content-type-options":"nosniff","alt-svc":"h3=\":443\"; ma=2592000,h3-29=\":443\"; ma=2592000,h3-Q050=\":443\"; ma=2592000,h3-Q046=\":443\"; ma=2592000,h3-Q043=\":443\"; ma=2592000,quic=\":443\"; ma=2592000; v=\"46,43\"","accept-ranges":"none","transfer-encoding":"chunked"}
[debug] [2022-01-12T00:30:46.126Z] <<< HTTP RESPONSE 200 {"content-type":"application/json; charset=UTF-8","vary":"X-Origin, Referer, Origin,Accept-Encoding","date":"Wed, 12 Jan 2022 00:28:34 GMT","server":"ESF","cache-control":"private","x-xss-protection":"0","x-frame-options":"SAMEORIGIN","x-content-type-options":"nosniff","alt-svc":"h3=\":443\"; ma=2592000,h3-29=\":443\"; ma=2592000,h3-Q050=\":443\"; ma=2592000,h3-Q046=\":443\"; ma=2592000,h3-Q043=\":443\"; ma=2592000,quic=\":443\"; ma=2592000; v=\"46,43\"","accept-ranges":"none","transfer-encoding":"chunked"}
[info] 
=== Hosting Setup
[info] 
[info] Your public directory is the folder (relative to your project directory) that
[info] will contain Hosting assets to be uploaded with firebase deploy. If you
[info] have a build process for your assets, use your build's output directory.
[info] 
[info] +  Wrote public/404.html 
[debug] [2022-01-12T00:34:06.941Z] >>> [apiv2][query] GET https://www.gstatic.com/firebasejs/releases.json [none]
[debug] [2022-01-12T00:34:07.158Z] <<< [apiv2][status] GET https://www.gstatic.com/firebasejs/releases.json 200
[debug] [2022-01-12T00:34:07.158Z] <<< [apiv2][body] GET https://www.gstatic.com/firebasejs/releases.json {"current":{"version":"9.6.2","browserURL":"https://www.gstatic.com/firebasejs/9.6.2/firebase.js","packageURL":"https://www.gstatic.com/firebasejs/9.6.2/firebase.tgz"},"live":{"version":"9.6","browserURL":"https://www.gstatic.com/firebasejs/live/9.6/firebase.js","packageURL":"https://www.gstatic.com/firebasejs/live/9.6/firebase.tgz"},"components":{"analytics":"https://www.gstatic.com/firebasejs/9.6.2/firebase-analytics.js","app":"https://www.gstatic.com/firebasejs/9.6.2/firebase-app.js","app-check":"https://www.gstatic.com/firebasejs/9.6.2/firebase-app-check.js","auth":"https://www.gstatic.com/firebasejs/9.6.2/firebase-auth.js","auth/cordova":"https://www.gstatic.com/firebasejs/9.6.2/firebase-auth/cordova.js","auth/react-native":"https://www.gstatic.com/firebasejs/9.6.2/firebase-auth/react-native.js","functions":"https://www.gstatic.com/firebasejs/9.6.2/firebase-functions.js","firestore":"https://www.gstatic.com/firebasejs/9.6.2/firebase-firestore.js","firestore/lite":"https://www.gstatic.com/firebasejs/9.6.2/firebase-firestore/lite.js","storage":"https://www.gstatic.com/firebasejs/9.6.2/firebase-storage.js","performance":"https://www.gstatic.com/firebasejs/9.6.2/firebase-performance.js","remote-config":"https://www.gstatic.com/firebasejs/9.6.2/firebase-remote-config.js","messaging":"https://www.gstatic.com/firebasejs/9.6.2/firebase-messaging.js","messaging/sw":"https://www.gstatic.com/firebasejs/9.6.2/firebase-messaging/sw.js","database":"https://www.gstatic.com/firebasejs/9.6.2/firebase-database.js","firestore.memory":"https://www.gstatic.com/firebasejs/9.6.2/firebase-firestore.memory.js"}}
[info] i  Skipping write of public/index.html 
[info] 
[info] i  Detected a .git folder at C:\verde-0301\hburger 
[info] i  Authorizing with GitHub to upload your service account to a GitHub repository's secrets store. 
[info] 
[info] Visit this URL on this device to log in:
[info] https://github.com/login/oauth/authorize?client_id=89cf50f02ac6aaed3484&state=297598002&redirect_uri=http%3A%2F%2Flocalhost%3A9005&scope=read%3Auser%20repo%20public_repo
[info] 
[info] Waiting for authentication...
[debug] [2022-01-12T00:34:31.455Z] >>> HTTP REQUEST POST https://github.com/login/oauth/access_token  
 {"client_id":"89cf50f02ac6aaed3484","client_secret":"3330d14abc895d9a74d5f17cd7a00711fa2c5bf0","code":"52ada18c81e2a8bdf2da","redirect_uri":"http://localhost:9005","state":"297598002"}
[debug] [2022-01-12T00:34:31.772Z] <<< HTTP RESPONSE 200 {"server":"GitHub.com","date":"Wed, 12 Jan 2022 00:32:20 GMT","content-type":"application/json; charset=utf-8","transfer-encoding":"chunked","vary":"X-PJAX, X-PJAX-Container, Accept-Encoding, Accept, X-Requested-With","permissions-policy":"interest-cohort=()","etag":"W/\"416bb8602f78a5d9bf4f1f1d616f5a59\"","cache-control":"max-age=0, private, must-revalidate","strict-transport-security":"max-age=31536000; includeSubdomains; preload","x-frame-options":"deny","x-content-type-options":"nosniff","x-xss-protection":"0","referrer-policy":"origin-when-cross-origin, strict-origin-when-cross-origin","expect-ct":"max-age=2592000, report-uri=\"https://api.github.com/_private/browser/errors\"","content-security-policy":"default-src 'none'; base-uri 'self'; block-all-mixed-content; child-src github.com/assets-cdn/worker/ gist.github.com/assets-cdn/worker/; connect-src 'self' uploads.github.com objects-origin.githubusercontent.com www.githubstatus.com collector.githubapp.com api.github.com github-cloud.s3.amazonaws.com github-production-repository-file-5c1aeb.s3.amazonaws.com github-production-upload-manifest-file-7fdce7.s3.amazonaws.com github-production-user-asset-6210df.s3.amazonaws.com cdn.optimizely.com logx.optimizely.com/v1/events translator.github.com wss://alive.github.com; font-src github.githubassets.com; form-action 'self' github.com gist.github.com objects-origin.githubusercontent.com; frame-ancestors 'none'; frame-src render.githubusercontent.com viewscreen.githubusercontent.com notebooks.githubusercontent.com; img-src 'self' data: github.githubassets.com identicons.github.com collector.githubapp.com github-cloud.s3.amazonaws.com secured-user-images.githubusercontent.com/ *.githubusercontent.com; manifest-src 'self'; media-src github.com user-images.githubusercontent.com/; script-src github.githubassets.com; style-src 'unsafe-inline' github.githubassets.com; worker-src github.com/assets-cdn/worker/ gist.github.com/assets-cdn/worker/","x-github-request-id":"A9F9:185B:3F0ED3:78D356:61DE2194"}
[debug] [2022-01-12T00:34:31.783Z] >>> [apiv2][query] GET https://api.github.com/user [none]
[debug] [2022-01-12T00:34:32.102Z] <<< [apiv2][status] GET https://api.github.com/user 200
[debug] [2022-01-12T00:34:32.103Z] <<< [apiv2][body] GET https://api.github.com/user {"login":"celsojuniorsfs","id":63802267,"node_id":"MDQ6VXNlcjYzODAyMjY3","avatar_url":"https://avatars.githubusercontent.com/u/63802267?v=4","gravatar_id":"","url":"https://api.github.com/users/celsojuniorsfs","html_url":"https://github.com/celsojuniorsfs","followers_url":"https://api.github.com/users/celsojuniorsfs/followers","following_url":"https://api.github.com/users/celsojuniorsfs/following{/other_user}","gists_url":"https://api.github.com/users/celsojuniorsfs/gists{/gist_id}","starred_url":"https://api.github.com/users/celsojuniorsfs/starred{/owner}{/repo}","subscriptions_url":"https://api.github.com/users/celsojuniorsfs/subscriptions","organizations_url":"https://api.github.com/users/celsojuniorsfs/orgs","repos_url":"https://api.github.com/users/celsojuniorsfs/repos","events_url":"https://api.github.com/users/celsojuniorsfs/events{/privacy}","received_events_url":"https://api.github.com/users/celsojuniorsfs/received_events","type":"User","site_admin":false,"name":"CELSO LUIZ DA SILVA JUNIOR","company":null,"blog":"","location":null,"email":null,"hireable":null,"bio":null,"twitter_username":null,"public_repos":3,"public_gists":0,"followers":1,"following":1,"created_at":"2020-04-16T15:17:03Z","updated_at":"2022-01-11T03:39:54Z","private_gists":0,"total_private_repos":5,"owned_private_repos":5,"disk_usage":218808,"collaborators":2,"two_factor_authentication":false,"plan":{"name":"free","space":976562499,"collaborators":0,"private_repos":10000}}
[info] 
[info] +  Success! Logged into GitHub as celsojuniorsfs 
[info] 
[debug] [2022-01-12T00:37:29.796Z] >>> [apiv2][query] GET https://api.github.com/repos/JS002-green-team/hburger/actions/secrets/public-key type=owner
[debug] [2022-01-12T00:37:30.085Z] <<< [apiv2][status] GET https://api.github.com/repos/JS002-green-team/hburger/actions/secrets/public-key 404
[debug] [2022-01-12T00:37:30.086Z] <<< [apiv2][body] GET https://api.github.com/repos/JS002-green-team/hburger/actions/secrets/public-key {"message":"Not Found","documentation_url":"https://docs.github.com/rest/reference/actions#get-a-repository-public-key"}
[debug] [2022-01-12T00:37:58.287Z] >>> [apiv2][query] GET https://api.github.com/repos/JS002-green-team/hburger/actions/secrets/public-key type=owner
[debug] [2022-01-12T00:37:58.574Z] <<< [apiv2][status] GET https://api.github.com/repos/JS002-green-team/hburger/actions/secrets/public-key 404
[debug] [2022-01-12T00:37:58.574Z] <<< [apiv2][body] GET https://api.github.com/repos/JS002-green-team/hburger/actions/secrets/public-key {"message":"Not Found","documentation_url":"https://docs.github.com/rest/reference/actions#get-a-repository-public-key"}
[debug] [2022-01-12T00:38:06.094Z] >>> [apiv2][query] GET https://api.github.com/repos/JS002-green-team/hburger/actions/secrets/public-key type=owner
[debug] [2022-01-12T00:38:06.384Z] <<< [apiv2][status] GET https://api.github.com/repos/JS002-green-team/hburger/actions/secrets/public-key 404
[debug] [2022-01-12T00:38:06.384Z] <<< [apiv2][body] GET https://api.github.com/repos/JS002-green-team/hburger/actions/secrets/public-key {"message":"Not Found","documentation_url":"https://docs.github.com/rest/reference/actions#get-a-repository-public-key"}
[debug] [2022-01-12T00:39:08.132Z] >>> [apiv2][query] GET https://api.github.com/repos/JS002-green-team/hburger/actions/secrets/public-key type=owner
[debug] [2022-01-12T00:39:08.395Z] <<< [apiv2][status] GET https://api.github.com/repos/JS002-green-team/hburger/actions/secrets/public-key 404
[debug] [2022-01-12T00:39:08.396Z] <<< [apiv2][body] GET https://api.github.com/repos/JS002-green-team/hburger/actions/secrets/public-key {"message":"Not Found","documentation_url":"https://docs.github.com/rest/reference/actions#get-a-repository-public-key"}
[debug] [2022-01-12T00:39:59.410Z] >>> [apiv2][query] GET https://api.github.com/repos//actions/secrets/public-key type=owner
[debug] [2022-01-12T00:39:59.656Z] <<< [apiv2][status] GET https://api.github.com/repos//actions/secrets/public-key 404
[debug] [2022-01-12T00:39:59.656Z] <<< [apiv2][body] GET https://api.github.com/repos//actions/secrets/public-key {"message":"Not Found","documentation_url":"https://docs.github.com/rest"}
[debug] [2022-01-12T00:41:40.366Z] ----------------------------------------------------------------------
[debug] [2022-01-12T00:41:40.369Z] Command:       C:\Program Files\nodejs\node.exe C:\Users\celso\AppData\Roaming\npm\node_modules\firebase-tools\lib\bin\firebase.js init
[debug] [2022-01-12T00:41:40.369Z] CLI Version:   10.0.1
[debug] [2022-01-12T00:41:40.370Z] Platform:      win32
[debug] [2022-01-12T00:41:40.370Z] Node Version:  v17.2.0
[debug] [2022-01-12T00:41:40.371Z] Time:          Tue Jan 11 2022 21:41:40 GMT-0300 (Horário Padrão de Brasília)
[debug] [2022-01-12T00:41:40.371Z] ----------------------------------------------------------------------
[debug] 
[debug] [2022-01-12T00:41:40.383Z] > command requires scopes: ["email","openid","https://www.googleapis.com/auth/cloudplatformprojects.readonly","https://www.googleapis.com/auth/firebase","https://www.googleapis.com/auth/cloud-platform"]
[debug] [2022-01-12T00:41:40.383Z] > authorizing via signed-in user (cjunior.sfs@gmail.com)
[info] 
     ######## #### ########  ######## ########     ###     ######  ########
     ##        ##  ##     ## ##       ##     ##  ##   ##  ##       ##
     ######    ##  ########  ######   ########  #########  ######  ######
     ##        ##  ##    ##  ##       ##     ## ##     ##       ## ##
     ##       #### ##     ## ######## ########  ##     ##  ######  ########

You're about to initialize a Firebase project in this directory:

  C:\verde-0301\hburger

Before we get started, keep in mind:

  * You are currently outside your home directory

[info] 
=== Project Setup
[info] 
[info] First, let's associate this project directory with a Firebase project.
[info] You can create multiple project aliases by running firebase use --add, 
[info] but for now we'll just set up a default project.
[info] 
[debug] [2022-01-12T00:41:56.337Z] > refreshing access token with scopes: []
[debug] [2022-01-12T00:41:56.337Z] >>> HTTP REQUEST POST https://www.googleapis.com/oauth2/v3/token  
 <request body omitted>
[debug] [2022-01-12T00:41:56.698Z] <<< HTTP RESPONSE 200 {"date":"Wed, 12 Jan 2022 00:39:45 GMT","cache-control":"no-cache, no-store, max-age=0, must-revalidate","pragma":"no-cache","expires":"Mon, 01 Jan 1990 00:00:00 GMT","content-type":"application/json; charset=utf-8","vary":"X-Origin, Referer, Origin,Accept-Encoding","server":"scaffolding on HTTPServer2","x-xss-protection":"0","x-frame-options":"SAMEORIGIN","x-content-type-options":"nosniff","alt-svc":"h3=\":443\"; ma=2592000,h3-29=\":443\"; ma=2592000,h3-Q050=\":443\"; ma=2592000,h3-Q046=\":443\"; ma=2592000,h3-Q043=\":443\"; ma=2592000,quic=\":443\"; ma=2592000; v=\"46,43\"","accept-ranges":"none","transfer-encoding":"chunked"}
[debug] [2022-01-12T00:41:56.718Z] >>> [apiv2][query] GET https://firebase.googleapis.com/v1beta1/projects pageSize=100
[debug] [2022-01-12T00:41:57.543Z] <<< [apiv2][status] GET https://firebase.googleapis.com/v1beta1/projects 200
[debug] [2022-01-12T00:41:57.544Z] <<< [apiv2][body] GET https://firebase.googleapis.com/v1beta1/projects [omitted]
[info] i  Using project hburger-b4486 (hburger) 
[info] 
=== Firestore Setup
[debug] [2022-01-12T00:41:59.227Z] >>> [apiv2][query] GET https://serviceusage.googleapis.com/v1/projects/hburger-b4486/services/firestore.googleapis.com [none]
[debug] [2022-01-12T00:42:00.538Z] <<< [apiv2][status] GET https://serviceusage.googleapis.com/v1/projects/hburger-b4486/services/firestore.googleapis.com 200
[debug] [2022-01-12T00:42:00.539Z] <<< [apiv2][body] GET https://serviceusage.googleapis.com/v1/projects/hburger-b4486/services/firestore.googleapis.com {"name":"projects/435916994852/services/firestore.googleapis.com","config":{"name":"firestore.googleapis.com","title":"Cloud Firestore API","apis":[{"name":"google.cloud.location.Locations","methods":[{"name":"ListLocations"},{"name":"GetLocation"}],"version":"v1"},{"name":"google.longrunning.Operations","methods":[{"name":"ListOperations"},{"name":"GetOperation"},{"name":"DeleteOperation"},{"name":"CancelOperation"},{"name":"WaitOperation"}],"version":"v1"},{"name":"google.firestore.admin.v1.FirestoreAdmin","methods":[{"name":"CreateIndex"},{"name":"ListIndexes"},{"name":"GetIndex"},{"name":"DeleteIndex"},{"name":"GetField"},{"name":"UpdateField"},{"name":"ListFields"},{"name":"ExportDocuments"},{"name":"ImportDocuments"},{"name":"ListBuckets"},{"name":"ListSnapshotSchedules"},{"name":"GetSnapshotSchedule"},{"name":"CreateSnapshotSchedule"},{"name":"DeleteSnapshotSchedule"},{"name":"UpdateSnapshotSchedule"},{"name":"ListSnapshots"},{"name":"GetSnapshot"},{"name":"DeleteSnapshot"},{"name":"CreateDatabase"},{"name":"GetDatabase"},{"name":"ListDatabases"},{"name":"UpdateDatabase"},{"name":"DeleteDatabase"},{"name":"UndeleteDatabase"},{"name":"GetBackup"},{"name":"ListBackups"},{"name":"DeleteBackup"},{"name":"RestoreDatabase"},{"name":"CreateBackupSchedule"},{"name":"GetBackupSchedule"},{"name":"ListBackupSchedules"},{"name":"DeleteBackupSchedule"}],"version":"v1"},{"name":"google.firestore.admin.v1beta1.FirestoreAdmin","methods":[{"name":"CreateIndex"},{"name":"ListIndexes"},{"name":"GetIndex"},{"name":"DeleteIndex"},{"name":"ListNamespaces"},{"name":"GetNamespace"},{"name":"ListCollectionGroups"},{"name":"GetCollectionGroup"},{"name":"ListFields"},{"name":"GetField"},{"name":"ExportDocuments"},{"name":"ImportDocuments"}],"version":"v1beta1"},{"name":"google.firestore.admin.v1beta2.FirestoreAdmin","methods":[{"name":"CreateIndex"},{"name":"ListIndexes"},{"name":"GetIndex"},{"name":"DeleteIndex"},{"name":"GetField"},{"name":"UpdateField"},{"name":"ListFields"},{"name":"ExportDocuments"},{"name":"ImportDocuments"}],"version":"v1beta2"},{"name":"google.firestore.v1.Firestore","methods":[{"name":"GetOrListDocuments"},{"name":"GetDocument"},{"name":"ListDocuments"},{"name":"UpdateDocument"},{"name":"DeleteDocument"},{"name":"BatchGetDocuments"},{"name":"BeginTransaction"},{"name":"Commit"},{"name":"Rollback"},{"name":"RunQuery"},{"name":"PartitionQuery"},{"name":"Write"},{"name":"Listen"},{"name":"ListCollectionIds"},{"name":"BatchWrite"},{"name":"CreateDocument"}],"version":"v1"},{"name":"google.firestore.v1beta1.Firestore","methods":[{"name":"GetOrListDocuments"},{"name":"GetDocument"},{"name":"ListDocuments"},{"name":"UpdateDocument"},{"name":"DeleteDocument"},{"name":"BatchGetDocuments"},{"name":"BeginTransaction"},{"name":"Commit"},{"name":"Rollback"},{"name":"RunQuery"},{"name":"PartitionQuery"},{"name":"Write"},{"name":"Listen"},{"name":"ListCollectionIds"},{"name":"BatchWrite"},{"name":"CreateDocument"}],"version":"v1beta1"},{"name":"google.discovery.Discovery","methods":[{"name":"GetDiscovery"},{"name":"GetDiscoveryRest"}],"version":"v1"}],"documentation":{"summary":"Accesses the NoSQL document database built for automatic scaling, high performance, and ease of application development.\n"},"quota":{"limits":[{"name":"LocationsRequestsPerMinutePerProject","metric":"firestore.googleapis.com/locations_requests","unit":"1/min/{project}","values":{"DEFAULT":"60"},"displayName":"Locations Requests Per Minute"},{"name":"ExportsPerMinutePerProject","metric":"firestore.googleapis.com/export_requests","unit":"1/min/{project}","values":{"DEFAULT":"20"},"displayName":"Export Requests Per Minute"},{"name":"ImportsPerMinutePerProject","metric":"firestore.googleapis.com/import_requests","unit":"1/min/{project}","values":{"DEFAULT":"20"},"displayName":"Import Requests Per Minute"},{"name":"DatabaseOperationsPerMinutePerProject","metric":"firestore.googleapis.com/database_operation_requests","unit":"1/min/{project}","values":{"DEFAULT":"60"},"displayName":"Database Operations Per Minute"},{"maxLimit":"17000","name":"CLIENT_PROJECT-100s","metric":"DiscoveryGroup","unit":"1/100s/{project}","values":{"STANDARD":"17000"}}]},"authentication":{"rules":[{"oauth":{"canonicalScopes":"https://www.googleapis.com/auth/datastore, https://www.googleapis.com/auth/cloud-platform"}},{"oauth":{"canonicalScopes":"https://www.googleapis.com/auth/datastore, https://www.googleapis.com/auth/cloud-platform"}},{"oauth":{"canonicalScopes":"https://www.googleapis.com/auth/datastore, https://www.googleapis.com/auth/cloud-platform"}},{"oauth":{"canonicalScopes":"https://www.googleapis.com/auth/datastore, https://www.googleapis.com/auth/cloud-platform"}},{"oauth":{"canonicalScopes":"https://www.googleapis.com/auth/datastore, https://www.googleapis.com/auth/cloud-platform"}},{"oauth":{"canonicalScopes":"https://www.googleapis.com/auth/datastore, https://www.googleapis.com/auth/cloud-platform"}},{"oauth":{"canonicalScopes":"https://www.googleapis.com/auth/datastore, https://www.googleapis.com/auth/cloud-platform"}},{"oauth":{"canonicalScopes":"https://www.googleapis.com/auth/datastore, https://www.googleapis.com/auth/cloud-platform"}},{"oauth":{"canonicalScopes":"https://www.googleapis.com/auth/datastore, https://www.googleapis.com/auth/cloud-platform"}},{"oauth":{"canonicalScopes":"https://www.googleapis.com/auth/datastore, https://www.googleapis.com/auth/cloud-platform"}},{"oauth":{"canonicalScopes":"https://www.googleapis.com/auth/datastore, https://www.googleapis.com/auth/cloud-platform"}},{"oauth":{"canonicalScopes":"https://www.googleapis.com/auth/datastore, https://www.googleapis.com/auth/cloud-platform"}},{"oauth":{"canonicalScopes":"https://www.googleapis.com/auth/datastore, https://www.googleapis.com/auth/cloud-platform"}},{"oauth":{"canonicalScopes":"https://www.googleapis.com/auth/datastore, https://www.googleapis.com/auth/cloud-platform"}},{"oauth":{"canonicalScopes":"https://www.googleapis.com/auth/datastore, https://www.googleapis.com/auth/cloud-platform"}},{"oauth":{"canonicalScopes":"https://www.googleapis.com/auth/datastore, https://www.googleapis.com/auth/cloud-platform"}},{"oauth":{"canonicalScopes":"https://www.googleapis.com/auth/datastore, https://www.googleapis.com/auth/cloud-platform"}},{"oauth":{"canonicalScopes":"https://www.googleapis.com/auth/datastore, https://www.googleapis.com/auth/cloud-platform"}},{"oauth":{"canonicalScopes":"https://www.googleapis.com/auth/datastore, https://www.googleapis.com/auth/cloud-platform"}},{"oauth":{"canonicalScopes":"https://www.googleapis.com/auth/datastore, https://www.googleapis.com/auth/cloud-platform"}},{"oauth":{"canonicalScopes":"https://www.googleapis.com/auth/datastore, https://www.googleapis.com/auth/cloud-platform"}},{"oauth":{"canonicalScopes":"https://www.googleapis.com/auth/datastore, https://www.googleapis.com/auth/cloud-platform"}},{"oauth":{"canonicalScopes":"https://www.googleapis.com/auth/datastore, https://www.googleapis.com/auth/cloud-platform"}},{"oauth":{"canonicalScopes":"https://www.googleapis.com/auth/datastore, https://www.googleapis.com/auth/cloud-platform"}},{"oauth":{"canonicalScopes":"https://www.googleapis.com/auth/datastore, https://www.googleapis.com/auth/cloud-platform"}},{"oauth":{"canonicalScopes":"https://www.googleapis.com/auth/datastore, https://www.googleapis.com/auth/cloud-platform"}},{"oauth":{"canonicalScopes":"https://www.googleapis.com/auth/datastore, https://www.googleapis.com/auth/cloud-platform"}},{"oauth":{"canonicalScopes":"https://www.googleapis.com/auth/datastore, https://www.googleapis.com/auth/cloud-platform"}},{"oauth":{"canonicalScopes":"https://www.googleapis.com/auth/datastore, https://www.googleapis.com/auth/cloud-platform"}},{"oauth":{"canonicalScopes":"https://www.googleapis.com/auth/datastore, https://www.googleapis.com/auth/cloud-platform"}},{"oauth":{"canonicalScopes":"https://www.googleapis.com/auth/datastore, https://www.googleapis.com/auth/cloud-platform"}},{"oauth":{"canonicalScopes":"https://www.googleapis.com/auth/datastore, https://www.googleapis.com/auth/cloud-platform"}},{"oauth":{"canonicalScopes":"https://www.googleapis.com/auth/datastore, https://www.googleapis.com/auth/cloud-platform"}},{"oauth":{"canonicalScopes":"https://www.googleapis.com/auth/datastore, https://www.googleapis.com/auth/cloud-platform"}},{"oauth":{"canonicalScopes":"https://www.googleapis.com/auth/datastore, https://www.googleapis.com/auth/cloud-platform"}},{"oauth":{"canonicalScopes":"https://www.googleapis.com/auth/datastore, https://www.googleapis.com/auth/cloud-platform"}},{"oauth":{"canonicalScopes":"https://www.googleapis.com/auth/datastore, https://www.googleapis.com/auth/cloud-platform"}},{"oauth":{"canonicalScopes":"https://www.googleapis.com/auth/datastore, https://www.googleapis.com/auth/cloud-platform"}},{"oauth":{"canonicalScopes":"https://www.googleapis.com/auth/datastore, https://www.googleapis.com/auth/cloud-platform"}},{"oauth":{"canonicalScopes":"https://www.googleapis.com/auth/datastore, https://www.googleapis.com/auth/cloud-platform"}},{"oauth":{"canonicalScopes":"https://www.googleapis.com/auth/datastore, https://www.googleapis.com/auth/cloud-platform"}},{"oauth":{"canonicalScopes":"https://www.googleapis.com/auth/datastore, https://www.googleapis.com/auth/cloud-platform"}},{"oauth":{"canonicalScopes":"https://www.googleapis.com/auth/datastore, https://www.googleapis.com/auth/cloud-platform"}},{"oauth":{"canonicalScopes":"https://www.googleapis.com/auth/datastore, https://www.googleapis.com/auth/cloud-platform"}},{"oauth":{"canonicalScopes":"https://www.googleapis.com/auth/datastore, https://www.googleapis.com/auth/cloud-platform"}},{"oauth":{"canonicalScopes":"https://www.googleapis.com/auth/datastore, https://www.googleapis.com/auth/cloud-platform"}},{"oauth":{"canonicalScopes":"https://www.googleapis.com/auth/datastore, https://www.googleapis.com/auth/cloud-platform"}},{"oauth":{"canonicalScopes":"https://www.googleapis.com/auth/datastore, https://www.googleapis.com/auth/cloud-platform"}},{"oauth":{"canonicalScopes":"https://www.googleapis.com/auth/datastore, https://www.googleapis.com/auth/cloud-platform"}},{"oauth":{"canonicalScopes":"https://www.googleapis.com/auth/datastore, https://www.googleapis.com/auth/cloud-platform"}},{"oauth":{"canonicalScopes":"https://www.googleapis.com/auth/datastore, https://www.googleapis.com/auth/cloud-platform"}},{"oauth":{"canonicalScopes":"https://www.googleapis.com/auth/datastore, https://www.googleapis.com/auth/cloud-platform"}},{"oauth":{"canonicalScopes":"https://www.googleapis.com/auth/datastore, https://www.googleapis.com/auth/cloud-platform"}},{"oauth":{"canonicalScopes":"https://www.googleapis.com/auth/datastore, https://www.googleapis.com/auth/cloud-platform"}},{"oauth":{"canonicalScopes":"https://www.googleapis.com/auth/datastore, https://www.googleapis.com/auth/cloud-platform"}},{"oauth":{"canonicalScopes":"https://www.googleapis.com/auth/datastore, https://www.googleapis.com/auth/cloud-platform"}},{"oauth":{"canonicalScopes":"https://www.googleapis.com/auth/datastore, https://www.googleapis.com/auth/cloud-platform"}},{"oauth":{"canonicalScopes":"https://www.googleapis.com/auth/datastore, https://www.googleapis.com/auth/cloud-platform"}},{"oauth":{"canonicalScopes":"https://www.googleapis.com/auth/datastore, https://www.googleapis.com/auth/cloud-platform"}},{"oauth":{"canonicalScopes":"https://www.googleapis.com/auth/datastore, https://www.googleapis.com/auth/cloud-platform"}},{"oauth":{"canonicalScopes":"https://www.googleapis.com/auth/datastore, https://www.googleapis.com/auth/cloud-platform"}},{"oauth":{"canonicalScopes":"https://www.googleapis.com/auth/datastore, https://www.googleapis.com/auth/cloud-platform"}},{"oauth":{"canonicalScopes":"https://www.googleapis.com/auth/datastore, https://www.googleapis.com/auth/cloud-platform"}},{"oauth":{"canonicalScopes":"https://www.googleapis.com/auth/datastore, https://www.googleapis.com/auth/cloud-platform"}},{"oauth":{"canonicalScopes":"https://www.googleapis.com/auth/datastore, https://www.googleapis.com/auth/cloud-platform"}},{"oauth":{"canonicalScopes":"https://www.googleapis.com/auth/datastore, https://www.googleapis.com/auth/cloud-platform"}},{"oauth":{"canonicalScopes":"https://www.googleapis.com/auth/datastore, https://www.googleapis.com/auth/cloud-platform"}},{"oauth":{"canonicalScopes":"https://www.googleapis.com/auth/datastore, https://www.googleapis.com/auth/cloud-platform"}},{"oauth":{"canonicalScopes":"https://www.googleapis.com/auth/datastore, https://www.googleapis.com/auth/cloud-platform"}},{"oauth":{"canonicalScopes":"https://www.googleapis.com/auth/datastore, https://www.googleapis.com/auth/cloud-platform"}},{"oauth":{"canonicalScopes":"https://www.googleapis.com/auth/datastore, https://www.googleapis.com/auth/cloud-platform"}},{"oauth":{"canonicalScopes":"https://www.googleapis.com/auth/datastore, https://www.googleapis.com/auth/cloud-platform"}},{"oauth":{"canonicalScopes":"https://www.googleapis.com/auth/datastore, https://www.googleapis.com/auth/cloud-platform"}},{"oauth":{"canonicalScopes":"https://www.googleapis.com/auth/datastore, https://www.googleapis.com/auth/cloud-platform"}},{"oauth":{"canonicalScopes":"https://www.googleapis.com/auth/datastore, https://www.googleapis.com/auth/cloud-platform"}},{"oauth":{"canonicalScopes":"https://www.googleapis.com/auth/datastore, https://www.googleapis.com/auth/cloud-platform"}},{"oauth":{"canonicalScopes":"https://www.googleapis.com/auth/datastore, https://www.googleapis.com/auth/cloud-platform"}},{"oauth":{"canonicalScopes":"https://www.googleapis.com/auth/datastore, https://www.googleapis.com/auth/cloud-platform"}},{"oauth":{"canonicalScopes":"https://www.googleapis.com/auth/datastore, https://www.googleapis.com/auth/cloud-platform"}},{"oauth":{"canonicalScopes":"https://www.googleapis.com/auth/datastore, https://www.googleapis.com/auth/cloud-platform"}},{"oauth":{"canonicalScopes":"https://www.googleapis.com/auth/datastore, https://www.googleapis.com/auth/cloud-platform"}},{"oauth":{"canonicalScopes":"https://www.googleapis.com/auth/datastore, https://www.googleapis.com/auth/cloud-platform"}},{"oauth":{"canonicalScopes":"https://www.googleapis.com/auth/datastore, https://www.googleapis.com/auth/cloud-platform"}},{"oauth":{"canonicalScopes":"https://www.googleapis.com/auth/datastore, https://www.googleapis.com/auth/cloud-platform"}},{"oauth":{"canonicalScopes":"https://www.googleapis.com/auth/datastore, https://www.googleapis.com/auth/cloud-platform"}},{"oauth":{"canonicalScopes":"https://www.googleapis.com/auth/datastore, https://www.googleapis.com/auth/cloud-platform"}},{"oauth":{"canonicalScopes":"https://www.googleapis.com/auth/datastore, https://www.googleapis.com/auth/cloud-platform"}},{"oauth":{"canonicalScopes":"https://www.googleapis.com/auth/datastore, https://www.googleapis.com/auth/cloud-platform"}},{"oauth":{"canonicalScopes":"https://www.googleapis.com/auth/datastore, https://www.googleapis.com/auth/cloud-platform"}},{"oauth":{"canonicalScopes":"https://www.googleapis.com/auth/datastore, https://www.googleapis.com/auth/cloud-platform"}},{"oauth":{"canonicalScopes":"https://www.googleapis.com/auth/datastore, https://www.googleapis.com/auth/cloud-platform"}},{"oauth":{"canonicalScopes":"https://www.googleapis.com/auth/datastore, https://www.googleapis.com/auth/cloud-platform"}}]},"usage":{"requirements":["serviceusage.googleapis.com/tos/cloud"]},"endpoints":[{"name":"firestore.googleapis.com"},{"name":"firestore.clients6.google.com"},{"name":"content-firestore.googleapis.com"},{"name":"firestore.mtls.googleapis.com"},{"name":"firestore.mtls.clients6.google.com"},{"name":"content-firestore.mtls.googleapis.com"}],"monitoredResources":[{"type":"serviceruntime.googleapis.com/api","labels":[{"key":"cloud.googleapis.com/location"},{"key":"cloud.googleapis.com/uid"},{"key":"serviceruntime.googleapis.com/api_version"},{"key":"serviceruntime.googleapis.com/api_method"},{"key":"serviceruntime.googleapis.com/consumer_project"},{"key":"cloud.googleapis.com/project"},{"key":"cloud.googleapis.com/service"}]},{"type":"serviceruntime.googleapis.com/consumer_quota","labels":[{"key":"cloud.googleapis.com/location"},{"key":"cloud.googleapis.com/uid"},{"key":"cloud.googleapis.com/service"},{"key":"cloud.googleapis.com/resource_id"},{"key":"cloud.googleapis.com/resource_node"},{"key":"cloud.googleapis.com/quota_metric"},{"key":"cloud.googleapis.com/quota_location"}]},{"type":"serviceruntime.googleapis.com/producer_quota","labels":[{"key":"cloud.googleapis.com/location"},{"key":"cloud.googleapis.com/uid"},{"key":"cloud.googleapis.com/service"},{"key":"cloud.googleapis.com/resource_id"},{"key":"cloud.googleapis.com/resource_node"},{"key":"cloud.googleapis.com/consumer_resource_node"},{"key":"cloud.googleapis.com/quota_metric"},{"key":"cloud.googleapis.com/quota_location"}]}],"monitoring":{"consumerDestinations":[{"monitoredResource":"serviceruntime.googleapis.com/api","metrics":["serviceruntime.googleapis.com/api/consumer/quota_used_count","serviceruntime.googleapis.com/api/consumer/quota_refund_count","serviceruntime.googleapis.com/quota/used","serviceruntime.googleapis.com/quota/limit","serviceruntime.googleapis.com/quota/exceeded","serviceruntime.googleapis.com/allocation/consumer/quota_used_count"]},{"monitoredResource":"serviceruntime.googleapis.com/consumer_quota","metrics":["serviceruntime.googleapis.com/quota/rate/consumer/used_count","serviceruntime.googleapis.com/quota/rate/consumer/refund_count","serviceruntime.googleapis.com/quota/allocation/consumer/usage","serviceruntime.googleapis.com/quota/consumer/limit","serviceruntime.googleapis.com/quota/consumer/exceeded"]}]}},"state":"ENABLED","parent":"projects/435916994852"}
[debug] [2022-01-12T00:42:00.543Z] > refreshing access token with scopes: ["email","https://www.googleapis.com/auth/cloud-platform","https://www.googleapis.com/auth/cloudplatformprojects.readonly","https://www.googleapis.com/auth/firebase","openid"]
[debug] [2022-01-12T00:42:00.544Z] >>> HTTP REQUEST POST https://www.googleapis.com/oauth2/v3/token  
 <request body omitted>
[debug] [2022-01-12T00:42:00.777Z] <<< HTTP RESPONSE 200 {"date":"Wed, 12 Jan 2022 00:39:49 GMT","expires":"Mon, 01 Jan 1990 00:00:00 GMT","cache-control":"no-cache, no-store, max-age=0, must-revalidate","pragma":"no-cache","content-type":"application/json; charset=utf-8","vary":"X-Origin, Referer, Origin,Accept-Encoding","server":"scaffolding on HTTPServer2","x-xss-protection":"0","x-frame-options":"SAMEORIGIN","x-content-type-options":"nosniff","alt-svc":"h3=\":443\"; ma=2592000,h3-29=\":443\"; ma=2592000,h3-Q050=\":443\"; ma=2592000,h3-Q046=\":443\"; ma=2592000,h3-Q043=\":443\"; ma=2592000,quic=\":443\"; ma=2592000; v=\"46,43\"","accept-ranges":"none","transfer-encoding":"chunked"}
[debug] [2022-01-12T00:42:00.794Z] >>> HTTP REQUEST GET https://appengine.googleapis.com/v1/apps/hburger-b4486  
 
[debug] [2022-01-12T00:42:01.447Z] <<< HTTP RESPONSE 200 {"content-type":"application/json; charset=UTF-8","vary":"X-Origin, Referer, Origin,Accept-Encoding","date":"Wed, 12 Jan 2022 00:39:50 GMT","server":"ESF","cache-control":"private","x-xss-protection":"0","x-frame-options":"SAMEORIGIN","x-content-type-options":"nosniff","alt-svc":"h3=\":443\"; ma=2592000,h3-29=\":443\"; ma=2592000,h3-Q050=\":443\"; ma=2592000,h3-Q046=\":443\"; ma=2592000,h3-Q043=\":443\"; ma=2592000,quic=\":443\"; ma=2592000; v=\"46,43\"","accept-ranges":"none","transfer-encoding":"chunked"}
[debug] [2022-01-12T00:42:01.449Z] database_type: CLOUD_FIRESTORE
[debug] [2022-01-12T00:42:01.451Z] > command requires scopes: ["email","openid","https://www.googleapis.com/auth/cloudplatformprojects.readonly","https://www.googleapis.com/auth/firebase","https://www.googleapis.com/auth/cloud-platform"]
[debug] [2022-01-12T00:42:01.451Z] > authorizing via signed-in user (cjunior.sfs@gmail.com)
[debug] [2022-01-12T00:42:01.452Z] [iam] checking project hburger-b4486 for permissions ["firebase.projects.get"]
[debug] [2022-01-12T00:42:01.454Z] >>> HTTP REQUEST POST https://cloudresourcemanager.googleapis.com/v1/projects/hburger-b4486:testIamPermissions  
 {"permissions":["firebase.projects.get"]}
[debug] [2022-01-12T00:42:02.348Z] <<< HTTP RESPONSE 200 {"content-type":"application/json; charset=UTF-8","vary":"X-Origin, Referer, Origin,Accept-Encoding","date":"Wed, 12 Jan 2022 00:39:50 GMT","server":"ESF","cache-control":"private","x-xss-protection":"0","x-frame-options":"SAMEORIGIN","x-content-type-options":"nosniff","server-timing":"gfet4t7; dur=729","alt-svc":"h3=\":443\"; ma=2592000,h3-29=\":443\"; ma=2592000,h3-Q050=\":443\"; ma=2592000,h3-Q046=\":443\"; ma=2592000,h3-Q043=\":443\"; ma=2592000,quic=\":443\"; ma=2592000; v=\"46,43\"","accept-ranges":"none","transfer-encoding":"chunked"}
[info] 
[info] Firestore Security Rules allow you to define how and when to allow
[info] requests. You can keep these rules in your project directory
[info] and publish them with firebase deploy.
[info] 
[info] 
[info] Firestore indexes allow you to perform complex queries while
[info] maintaining performance that scales with the size of the result
[info] set. You can keep index definitions in your project directory
[info] and publish them with firebase deploy.
[info] 
[info] 
=== Hosting Setup
[info] 
[info] Your public directory is the folder (relative to your project directory) that
[info] will contain Hosting assets to be uploaded with firebase deploy. If you
[info] have a build process for your assets, use your build's output directory.
[info] 
[info] i  Skipping write of public/404.html 
[debug] [2022-01-12T00:42:43.192Z] >>> [apiv2][query] GET https://www.gstatic.com/firebasejs/releases.json [none]
[debug] [2022-01-12T00:42:43.373Z] <<< [apiv2][status] GET https://www.gstatic.com/firebasejs/releases.json 200
[debug] [2022-01-12T00:42:43.374Z] <<< [apiv2][body] GET https://www.gstatic.com/firebasejs/releases.json {"current":{"version":"9.6.2","browserURL":"https://www.gstatic.com/firebasejs/9.6.2/firebase.js","packageURL":"https://www.gstatic.com/firebasejs/9.6.2/firebase.tgz"},"live":{"version":"9.6","browserURL":"https://www.gstatic.com/firebasejs/live/9.6/firebase.js","packageURL":"https://www.gstatic.com/firebasejs/live/9.6/firebase.tgz"},"components":{"analytics":"https://www.gstatic.com/firebasejs/9.6.2/firebase-analytics.js","app":"https://www.gstatic.com/firebasejs/9.6.2/firebase-app.js","app-check":"https://www.gstatic.com/firebasejs/9.6.2/firebase-app-check.js","auth":"https://www.gstatic.com/firebasejs/9.6.2/firebase-auth.js","auth/cordova":"https://www.gstatic.com/firebasejs/9.6.2/firebase-auth/cordova.js","auth/react-native":"https://www.gstatic.com/firebasejs/9.6.2/firebase-auth/react-native.js","functions":"https://www.gstatic.com/firebasejs/9.6.2/firebase-functions.js","firestore":"https://www.gstatic.com/firebasejs/9.6.2/firebase-firestore.js","firestore/lite":"https://www.gstatic.com/firebasejs/9.6.2/firebase-firestore/lite.js","storage":"https://www.gstatic.com/firebasejs/9.6.2/firebase-storage.js","performance":"https://www.gstatic.com/firebasejs/9.6.2/firebase-performance.js","remote-config":"https://www.gstatic.com/firebasejs/9.6.2/firebase-remote-config.js","messaging":"https://www.gstatic.com/firebasejs/9.6.2/firebase-messaging.js","messaging/sw":"https://www.gstatic.com/firebasejs/9.6.2/firebase-messaging/sw.js","database":"https://www.gstatic.com/firebasejs/9.6.2/firebase-database.js","firestore.memory":"https://www.gstatic.com/firebasejs/9.6.2/firebase-firestore.memory.js"}}
[info] i  Skipping write of public/index.html 
[info] 
[info] i  Detected a .git folder at C:\verde-0301\hburger 
[info] i  Authorizing with GitHub to upload your service account to a GitHub repository's secrets store. 
[info] 
[info] Visit this URL on this device to log in:
[info] https://github.com/login/oauth/authorize?client_id=89cf50f02ac6aaed3484&state=512892844&redirect_uri=http%3A%2F%2Flocalhost%3A9005&scope=read%3Auser%20repo%20public_repo
[info] 
[info] Waiting for authentication...
[debug] [2022-01-12T00:42:51.319Z] >>> HTTP REQUEST POST https://github.com/login/oauth/access_token  
 {"client_id":"89cf50f02ac6aaed3484","client_secret":"3330d14abc895d9a74d5f17cd7a00711fa2c5bf0","code":"5a4fb811e56fdd629ab4","redirect_uri":"http://localhost:9005","state":"512892844"}
[debug] [2022-01-12T00:42:51.666Z] <<< HTTP RESPONSE 200 {"server":"GitHub.com","date":"Wed, 12 Jan 2022 00:40:40 GMT","content-type":"application/json; charset=utf-8","transfer-encoding":"chunked","vary":"X-PJAX, X-PJAX-Container, Accept-Encoding, Accept, X-Requested-With","permissions-policy":"interest-cohort=()","etag":"W/\"fbf4733d4198fa830728072fe3f24aad\"","cache-control":"max-age=0, private, must-revalidate","strict-transport-security":"max-age=31536000; includeSubdomains; preload","x-frame-options":"deny","x-content-type-options":"nosniff","x-xss-protection":"0","referrer-policy":"origin-when-cross-origin, strict-origin-when-cross-origin","expect-ct":"max-age=2592000, report-uri=\"https://api.github.com/_private/browser/errors\"","content-security-policy":"default-src 'none'; base-uri 'self'; block-all-mixed-content; child-src github.com/assets-cdn/worker/ gist.github.com/assets-cdn/worker/; connect-src 'self' uploads.github.com objects-origin.githubusercontent.com www.githubstatus.com collector.githubapp.com api.github.com github-cloud.s3.amazonaws.com github-production-repository-file-5c1aeb.s3.amazonaws.com github-production-upload-manifest-file-7fdce7.s3.amazonaws.com github-production-user-asset-6210df.s3.amazonaws.com cdn.optimizely.com logx.optimizely.com/v1/events translator.github.com wss://alive.github.com; font-src github.githubassets.com; form-action 'self' github.com gist.github.com objects-origin.githubusercontent.com; frame-ancestors 'none'; frame-src render.githubusercontent.com viewscreen.githubusercontent.com notebooks.githubusercontent.com; img-src 'self' data: github.githubassets.com identicons.github.com collector.githubapp.com github-cloud.s3.amazonaws.com secured-user-images.githubusercontent.com/ *.githubusercontent.com; manifest-src 'self'; media-src github.com user-images.githubusercontent.com/; script-src github.githubassets.com; style-src 'unsafe-inline' github.githubassets.com; worker-src github.com/assets-cdn/worker/ gist.github.com/assets-cdn/worker/","x-github-request-id":"AA4A:01B3:3F8055:4E6773:61DE2387"}
[debug] [2022-01-12T00:42:51.678Z] >>> [apiv2][query] GET https://api.github.com/user [none]
[debug] [2022-01-12T00:42:52.018Z] <<< [apiv2][status] GET https://api.github.com/user 200
[debug] [2022-01-12T00:42:52.019Z] <<< [apiv2][body] GET https://api.github.com/user {"login":"celsojuniorsfs","id":63802267,"node_id":"MDQ6VXNlcjYzODAyMjY3","avatar_url":"https://avatars.githubusercontent.com/u/63802267?v=4","gravatar_id":"","url":"https://api.github.com/users/celsojuniorsfs","html_url":"https://github.com/celsojuniorsfs","followers_url":"https://api.github.com/users/celsojuniorsfs/followers","following_url":"https://api.github.com/users/celsojuniorsfs/following{/other_user}","gists_url":"https://api.github.com/users/celsojuniorsfs/gists{/gist_id}","starred_url":"https://api.github.com/users/celsojuniorsfs/starred{/owner}{/repo}","subscriptions_url":"https://api.github.com/users/celsojuniorsfs/subscriptions","organizations_url":"https://api.github.com/users/celsojuniorsfs/orgs","repos_url":"https://api.github.com/users/celsojuniorsfs/repos","events_url":"https://api.github.com/users/celsojuniorsfs/events{/privacy}","received_events_url":"https://api.github.com/users/celsojuniorsfs/received_events","type":"User","site_admin":false,"name":"CELSO LUIZ DA SILVA JUNIOR","company":null,"blog":"","location":null,"email":null,"hireable":null,"bio":null,"twitter_username":null,"public_repos":3,"public_gists":0,"followers":1,"following":1,"created_at":"2020-04-16T15:17:03Z","updated_at":"2022-01-11T03:39:54Z","private_gists":0,"total_private_repos":5,"owned_private_repos":5,"disk_usage":218808,"collaborators":2,"two_factor_authentication":false,"plan":{"name":"free","space":976562499,"collaborators":0,"private_repos":10000}}
[info] 
[info] +  Success! Logged into GitHub as celsojuniorsfs 
[info] 
[debug] [2022-01-12T00:43:07.562Z] >>> [apiv2][query] GET https://api.github.com/repos/JS002-green-team/hburger/actions/secrets/public-key type=owner
[debug] [2022-01-12T00:43:07.847Z] <<< [apiv2][status] GET https://api.github.com/repos/JS002-green-team/hburger/actions/secrets/public-key 404
[debug] [2022-01-12T00:43:07.848Z] <<< [apiv2][body] GET https://api.github.com/repos/JS002-green-team/hburger/actions/secrets/public-key {"message":"Not Found","documentation_url":"https://docs.github.com/rest/reference/actions#get-a-repository-public-key"}
